<?xml version="1.0" encoding="UTF-8"?>
<robot generator="Robot 4.1.2 (Python 3.10.0 on darwin)" generated="20211207 15:13:29.539" rpa="false" schemaversion="2">
<suite id="s1" name="Pratica" source="/Users/alexandrepedro/Desktop/CERTIFIED TECH DEVELOPER/Ano 1/Bimestre 2/Testing I/RobotFramework/pratica.robot">
<test id="s1-t1" name="Processo de compra na loja Sauce Demo">
<kw name="Abrir a loja" library="pratica" type="SETUP">
<kw name="Open Browser" library="SeleniumLibrary">
<arg>${SITE}</arg>
<arg>${NAVEGADOR}</arg>
<doc>Opens a new browser instance to the optional ``url``.</doc>
<msg timestamp="20211207 15:13:30.028" level="INFO">Opening browser 'Chrome' to base url 'https://saucedemo.com'.</msg>
<status status="PASS" starttime="20211207 15:13:30.027" endtime="20211207 15:13:42.239"/>
</kw>
<kw name="Maximize Browser Window" library="SeleniumLibrary">
<doc>Maximizes current browser window.</doc>
<status status="PASS" starttime="20211207 15:13:42.244" endtime="20211207 15:13:42.532"/>
</kw>
<kw name="Set Selenium Speed" library="SeleniumLibrary">
<arg>0.25</arg>
<doc>Sets the delay that is waited after each Selenium command.</doc>
<status status="PASS" starttime="20211207 15:13:42.533" endtime="20211207 15:13:42.534"/>
</kw>
<status status="PASS" starttime="20211207 15:13:30.027" endtime="20211207 15:13:42.535"/>
</kw>
<kw name="Fazer login" library="pratica">
<kw name="Wait and Input Text" library="pratica">
<arg>${CAMPO_USUARIO}</arg>
<arg>${USUARIO}</arg>
<kw name="Wait Until Element Is Visible" library="SeleniumLibrary">
<arg>${ELEMENTO}</arg>
<doc>Waits until the element ``locator`` is visible.</doc>
<status status="PASS" starttime="20211207 15:13:42.538" endtime="20211207 15:13:43.144"/>
</kw>
<kw name="Wait Until Element Is Enabled" library="SeleniumLibrary">
<arg>${ELEMENTO}</arg>
<doc>Waits until the element ``locator`` is enabled.</doc>
<status status="PASS" starttime="20211207 15:13:43.144" endtime="20211207 15:13:43.940"/>
</kw>
<kw name="Scroll Element Into View" library="SeleniumLibrary">
<arg>${ELEMENTO}</arg>
<doc>Scrolls the element identified by ``locator`` into view.</doc>
<status status="PASS" starttime="20211207 15:13:43.941" endtime="20211207 15:13:45.171"/>
</kw>
<kw name="Input Text" library="SeleniumLibrary">
<arg>${ELEMENTO}</arg>
<arg>${TEXTO}</arg>
<doc>Types the given ``text`` into the text field identified by ``locator``.</doc>
<msg timestamp="20211207 15:13:45.173" level="INFO">Typing text 'standard_user' into text field 'css=#user-name'.</msg>
<status status="PASS" starttime="20211207 15:13:45.172" endtime="20211207 15:13:46.378"/>
</kw>
<status status="PASS" starttime="20211207 15:13:42.537" endtime="20211207 15:13:46.378"/>
</kw>
<kw name="Wait and Input Text" library="pratica">
<arg>${CAMPO_SENHA}</arg>
<arg>${SENHA}</arg>
<kw name="Wait Until Element Is Visible" library="SeleniumLibrary">
<arg>${ELEMENTO}</arg>
<doc>Waits until the element ``locator`` is visible.</doc>
<status status="PASS" starttime="20211207 15:13:46.379" endtime="20211207 15:13:46.926"/>
</kw>
<kw name="Wait Until Element Is Enabled" library="SeleniumLibrary">
<arg>${ELEMENTO}</arg>
<doc>Waits until the element ``locator`` is enabled.</doc>
<status status="PASS" starttime="20211207 15:13:46.926" endtime="20211207 15:13:47.741"/>
</kw>
<kw name="Scroll Element Into View" library="SeleniumLibrary">
<arg>${ELEMENTO}</arg>
<doc>Scrolls the element identified by ``locator`` into view.</doc>
<status status="PASS" starttime="20211207 15:13:47.741" endtime="20211207 15:13:48.534"/>
</kw>
<kw name="Input Text" library="SeleniumLibrary">
<arg>${ELEMENTO}</arg>
<arg>${TEXTO}</arg>
<doc>Types the given ``text`` into the text field identified by ``locator``.</doc>
<msg timestamp="20211207 15:13:48.534" level="INFO">Typing text 'secret_sauce' into text field 'css=#password'.</msg>
<status status="PASS" starttime="20211207 15:13:48.534" endtime="20211207 15:13:49.500"/>
</kw>
<status status="PASS" starttime="20211207 15:13:46.378" endtime="20211207 15:13:49.501"/>
</kw>
<kw name="Wait and Click" library="pratica">
<arg>${BOTAO_LOGIN}</arg>
<kw name="Wait Until Element Is Visible" library="SeleniumLibrary">
<arg>${ELEMENTO}</arg>
<doc>Waits until the element ``locator`` is visible.</doc>
<status status="PASS" starttime="20211207 15:13:49.502" endtime="20211207 15:13:50.040"/>
</kw>
<kw name="Wait Until Element Is Enabled" library="SeleniumLibrary">
<arg>${ELEMENTO}</arg>
<doc>Waits until the element ``locator`` is enabled.</doc>
<status status="PASS" starttime="20211207 15:13:50.040" endtime="20211207 15:13:50.831"/>
</kw>
<kw name="Scroll Element Into View" library="SeleniumLibrary">
<arg>${ELEMENTO}</arg>
<doc>Scrolls the element identified by ``locator`` into view.</doc>
<status status="PASS" starttime="20211207 15:13:50.831" endtime="20211207 15:13:51.614"/>
</kw>
<kw name="Click Element" library="SeleniumLibrary">
<arg>${ELEMENTO}</arg>
<doc>Click the element identified by ``locator``.</doc>
<msg timestamp="20211207 15:13:51.615" level="INFO">Clicking element 'css=#login-button'.</msg>
<status status="PASS" starttime="20211207 15:13:51.614" endtime="20211207 15:13:52.472"/>
</kw>
<status status="PASS" starttime="20211207 15:13:49.501" endtime="20211207 15:13:52.473"/>
</kw>
<status status="PASS" starttime="20211207 15:13:42.535" endtime="20211207 15:13:52.473"/>
</kw>
<kw name="Selecionar produto e colocar no carrinho" library="pratica">
<kw name="Wait and Click" library="pratica">
<arg>${PRODUTO}</arg>
<kw name="Wait Until Element Is Visible" library="SeleniumLibrary">
<arg>${ELEMENTO}</arg>
<doc>Waits until the element ``locator`` is visible.</doc>
<status status="PASS" starttime="20211207 15:13:52.476" endtime="20211207 15:13:53.211"/>
</kw>
<kw name="Wait Until Element Is Enabled" library="SeleniumLibrary">
<arg>${ELEMENTO}</arg>
<doc>Waits until the element ``locator`` is enabled.</doc>
<status status="PASS" starttime="20211207 15:13:53.211" endtime="20211207 15:13:54.004"/>
</kw>
<kw name="Scroll Element Into View" library="SeleniumLibrary">
<arg>${ELEMENTO}</arg>
<doc>Scrolls the element identified by ``locator`` into view.</doc>
<status status="PASS" starttime="20211207 15:13:54.005" endtime="20211207 15:13:54.785"/>
</kw>
<kw name="Click Element" library="SeleniumLibrary">
<arg>${ELEMENTO}</arg>
<doc>Click the element identified by ``locator``.</doc>
<msg timestamp="20211207 15:13:54.786" level="INFO">Clicking element 'css=#item_4_title_link &gt; div'.</msg>
<status status="PASS" starttime="20211207 15:13:54.785" endtime="20211207 15:13:55.365"/>
</kw>
<status status="PASS" starttime="20211207 15:13:52.475" endtime="20211207 15:13:55.365"/>
</kw>
<kw name="Wait and Click" library="pratica">
<arg>${ADICIONAR}</arg>
<kw name="Wait Until Element Is Visible" library="SeleniumLibrary">
<arg>${ELEMENTO}</arg>
<doc>Waits until the element ``locator`` is visible.</doc>
<status status="PASS" starttime="20211207 15:13:55.366" endtime="20211207 15:13:55.901"/>
</kw>
<kw name="Wait Until Element Is Enabled" library="SeleniumLibrary">
<arg>${ELEMENTO}</arg>
<doc>Waits until the element ``locator`` is enabled.</doc>
<status status="PASS" starttime="20211207 15:13:55.901" endtime="20211207 15:13:56.693"/>
</kw>
<kw name="Scroll Element Into View" library="SeleniumLibrary">
<arg>${ELEMENTO}</arg>
<doc>Scrolls the element identified by ``locator`` into view.</doc>
<status status="PASS" starttime="20211207 15:13:56.693" endtime="20211207 15:13:57.471"/>
</kw>
<kw name="Click Element" library="SeleniumLibrary">
<arg>${ELEMENTO}</arg>
<doc>Click the element identified by ``locator``.</doc>
<msg timestamp="20211207 15:13:57.472" level="INFO">Clicking element 'css=#add-to-cart-sauce-labs-backpack'.</msg>
<status status="PASS" starttime="20211207 15:13:57.471" endtime="20211207 15:13:58.040"/>
</kw>
<status status="PASS" starttime="20211207 15:13:55.365" endtime="20211207 15:13:58.041"/>
</kw>
<status status="PASS" starttime="20211207 15:13:52.474" endtime="20211207 15:13:58.041"/>
</kw>
<kw name="Abrir o carrinho e clicar em Checkout" library="pratica">
<kw name="Wait and Click" library="pratica">
<arg>${CARRINHO}</arg>
<kw name="Wait Until Element Is Visible" library="SeleniumLibrary">
<arg>${ELEMENTO}</arg>
<doc>Waits until the element ``locator`` is visible.</doc>
<status status="PASS" starttime="20211207 15:13:58.043" endtime="20211207 15:13:58.580"/>
</kw>
<kw name="Wait Until Element Is Enabled" library="SeleniumLibrary">
<arg>${ELEMENTO}</arg>
<doc>Waits until the element ``locator`` is enabled.</doc>
<status status="PASS" starttime="20211207 15:13:58.580" endtime="20211207 15:13:59.371"/>
</kw>
<kw name="Scroll Element Into View" library="SeleniumLibrary">
<arg>${ELEMENTO}</arg>
<doc>Scrolls the element identified by ``locator`` into view.</doc>
<status status="PASS" starttime="20211207 15:13:59.371" endtime="20211207 15:14:00.152"/>
</kw>
<kw name="Click Element" library="SeleniumLibrary">
<arg>${ELEMENTO}</arg>
<doc>Click the element identified by ``locator``.</doc>
<msg timestamp="20211207 15:14:00.153" level="INFO">Clicking element 'css=#shopping_cart_container &gt; a'.</msg>
<status status="PASS" starttime="20211207 15:14:00.152" endtime="20211207 15:14:00.733"/>
</kw>
<status status="PASS" starttime="20211207 15:13:58.042" endtime="20211207 15:14:00.733"/>
</kw>
<kw name="Wait and Click" library="pratica">
<arg>${CHECKOUT}</arg>
<kw name="Wait Until Element Is Visible" library="SeleniumLibrary">
<arg>${ELEMENTO}</arg>
<doc>Waits until the element ``locator`` is visible.</doc>
<status status="PASS" starttime="20211207 15:14:00.734" endtime="20211207 15:14:01.267"/>
</kw>
<kw name="Wait Until Element Is Enabled" library="SeleniumLibrary">
<arg>${ELEMENTO}</arg>
<doc>Waits until the element ``locator`` is enabled.</doc>
<status status="PASS" starttime="20211207 15:14:01.267" endtime="20211207 15:14:02.062"/>
</kw>
<kw name="Scroll Element Into View" library="SeleniumLibrary">
<arg>${ELEMENTO}</arg>
<doc>Scrolls the element identified by ``locator`` into view.</doc>
<status status="PASS" starttime="20211207 15:14:02.062" endtime="20211207 15:14:02.840"/>
</kw>
<kw name="Click Element" library="SeleniumLibrary">
<arg>${ELEMENTO}</arg>
<doc>Click the element identified by ``locator``.</doc>
<msg timestamp="20211207 15:14:02.841" level="INFO">Clicking element 'css=#checkout'.</msg>
<status status="PASS" starttime="20211207 15:14:02.840" endtime="20211207 15:14:03.422"/>
</kw>
<status status="PASS" starttime="20211207 15:14:00.734" endtime="20211207 15:14:03.423"/>
</kw>
<status status="PASS" starttime="20211207 15:13:58.041" endtime="20211207 15:14:03.423"/>
</kw>
<kw name="Preencher os dados de entrega e clicar em Continue" library="pratica">
<kw name="Wait and Input Text" library="pratica">
<arg>${CAMPO_NOME}</arg>
<arg>${NOME}</arg>
<kw name="Wait Until Element Is Visible" library="SeleniumLibrary">
<arg>${ELEMENTO}</arg>
<doc>Waits until the element ``locator`` is visible.</doc>
<status status="PASS" starttime="20211207 15:14:03.426" endtime="20211207 15:14:03.973"/>
</kw>
<kw name="Wait Until Element Is Enabled" library="SeleniumLibrary">
<arg>${ELEMENTO}</arg>
<doc>Waits until the element ``locator`` is enabled.</doc>
<status status="PASS" starttime="20211207 15:14:03.974" endtime="20211207 15:14:04.765"/>
</kw>
<kw name="Scroll Element Into View" library="SeleniumLibrary">
<arg>${ELEMENTO}</arg>
<doc>Scrolls the element identified by ``locator`` into view.</doc>
<status status="PASS" starttime="20211207 15:14:04.765" endtime="20211207 15:14:05.551"/>
</kw>
<kw name="Input Text" library="SeleniumLibrary">
<arg>${ELEMENTO}</arg>
<arg>${TEXTO}</arg>
<doc>Types the given ``text`` into the text field identified by ``locator``.</doc>
<msg timestamp="20211207 15:14:05.552" level="INFO">Typing text 'Alex' into text field 'css=#first-name'.</msg>
<status status="PASS" starttime="20211207 15:14:05.551" endtime="20211207 15:14:06.487"/>
</kw>
<status status="PASS" starttime="20211207 15:14:03.425" endtime="20211207 15:14:06.487"/>
</kw>
<kw name="Wait and Input Text" library="pratica">
<arg>${CAMPO_SOBRENOME}</arg>
<arg>${SOBRENOME}</arg>
<kw name="Wait Until Element Is Visible" library="SeleniumLibrary">
<arg>${ELEMENTO}</arg>
<doc>Waits until the element ``locator`` is visible.</doc>
<status status="PASS" starttime="20211207 15:14:06.488" endtime="20211207 15:14:07.025"/>
</kw>
<kw name="Wait Until Element Is Enabled" library="SeleniumLibrary">
<arg>${ELEMENTO}</arg>
<doc>Waits until the element ``locator`` is enabled.</doc>
<status status="PASS" starttime="20211207 15:14:07.025" endtime="20211207 15:14:07.820"/>
</kw>
<kw name="Scroll Element Into View" library="SeleniumLibrary">
<arg>${ELEMENTO}</arg>
<doc>Scrolls the element identified by ``locator`` into view.</doc>
<status status="PASS" starttime="20211207 15:14:07.820" endtime="20211207 15:14:08.600"/>
</kw>
<kw name="Input Text" library="SeleniumLibrary">
<arg>${ELEMENTO}</arg>
<arg>${TEXTO}</arg>
<doc>Types the given ``text`` into the text field identified by ``locator``.</doc>
<msg timestamp="20211207 15:14:08.602" level="INFO">Typing text 'Peter' into text field 'css=#last-name'.</msg>
<status status="PASS" starttime="20211207 15:14:08.601" endtime="20211207 15:14:09.498"/>
</kw>
<status status="PASS" starttime="20211207 15:14:06.488" endtime="20211207 15:14:09.498"/>
</kw>
<kw name="Wait and Input Text" library="pratica">
<arg>${CAMPO_CEP}</arg>
<arg>${CEP}</arg>
<kw name="Wait Until Element Is Visible" library="SeleniumLibrary">
<arg>${ELEMENTO}</arg>
<doc>Waits until the element ``locator`` is visible.</doc>
<status status="PASS" starttime="20211207 15:14:09.499" endtime="20211207 15:14:10.032"/>
</kw>
<kw name="Wait Until Element Is Enabled" library="SeleniumLibrary">
<arg>${ELEMENTO}</arg>
<doc>Waits until the element ``locator`` is enabled.</doc>
<status status="PASS" starttime="20211207 15:14:10.033" endtime="20211207 15:14:10.833"/>
</kw>
<kw name="Scroll Element Into View" library="SeleniumLibrary">
<arg>${ELEMENTO}</arg>
<doc>Scrolls the element identified by ``locator`` into view.</doc>
<status status="PASS" starttime="20211207 15:14:10.833" endtime="20211207 15:14:11.611"/>
</kw>
<kw name="Input Text" library="SeleniumLibrary">
<arg>${ELEMENTO}</arg>
<arg>${TEXTO}</arg>
<doc>Types the given ``text`` into the text field identified by ``locator``.</doc>
<msg timestamp="20211207 15:14:11.612" level="INFO">Typing text '00000' into text field 'css=#postal-code'.</msg>
<status status="PASS" starttime="20211207 15:14:11.611" endtime="20211207 15:14:12.493"/>
</kw>
<status status="PASS" starttime="20211207 15:14:09.498" endtime="20211207 15:14:12.494"/>
</kw>
<kw name="Wait and Click" library="pratica">
<arg>${BOTAO_CONTINUE}</arg>
<kw name="Wait Until Element Is Visible" library="SeleniumLibrary">
<arg>${ELEMENTO}</arg>
<doc>Waits until the element ``locator`` is visible.</doc>
<status status="PASS" starttime="20211207 15:14:12.495" endtime="20211207 15:14:13.027"/>
</kw>
<kw name="Wait Until Element Is Enabled" library="SeleniumLibrary">
<arg>${ELEMENTO}</arg>
<doc>Waits until the element ``locator`` is enabled.</doc>
<status status="PASS" starttime="20211207 15:14:13.027" endtime="20211207 15:14:13.859"/>
</kw>
<kw name="Scroll Element Into View" library="SeleniumLibrary">
<arg>${ELEMENTO}</arg>
<doc>Scrolls the element identified by ``locator`` into view.</doc>
<status status="PASS" starttime="20211207 15:14:13.860" endtime="20211207 15:14:14.652"/>
</kw>
<kw name="Click Element" library="SeleniumLibrary">
<arg>${ELEMENTO}</arg>
<doc>Click the element identified by ``locator``.</doc>
<msg timestamp="20211207 15:14:14.653" level="INFO">Clicking element 'css=#continue'.</msg>
<status status="PASS" starttime="20211207 15:14:14.652" endtime="20211207 15:14:15.280"/>
</kw>
<status status="PASS" starttime="20211207 15:14:12.494" endtime="20211207 15:14:15.280"/>
</kw>
<status status="PASS" starttime="20211207 15:14:03.424" endtime="20211207 15:14:15.281"/>
</kw>
<kw name="Validar valor total da compra e clicar em Finish" library="pratica">
<kw name="Element Should Contain" library="SeleniumLibrary">
<arg>${TOTAL}</arg>
<arg>${TOTAL_VALOR}</arg>
<doc>Verifies that element ``locator`` contains text ``expected``.</doc>
<msg timestamp="20211207 15:14:15.825" level="INFO">Element 'css=#checkout_summary_container &gt; div &gt; div.summary_info &gt; div.summary_total_label' contains text '$32.39'.</msg>
<status status="PASS" starttime="20211207 15:14:15.282" endtime="20211207 15:14:15.826"/>
</kw>
<kw name="Wait and Click" library="pratica">
<arg>${BOTAO_FINISH}</arg>
<kw name="Wait Until Element Is Visible" library="SeleniumLibrary">
<arg>${ELEMENTO}</arg>
<doc>Waits until the element ``locator`` is visible.</doc>
<status status="PASS" starttime="20211207 15:14:15.827" endtime="20211207 15:14:16.359"/>
</kw>
<kw name="Wait Until Element Is Enabled" library="SeleniumLibrary">
<arg>${ELEMENTO}</arg>
<doc>Waits until the element ``locator`` is enabled.</doc>
<status status="PASS" starttime="20211207 15:14:16.360" endtime="20211207 15:14:17.154"/>
</kw>
<kw name="Scroll Element Into View" library="SeleniumLibrary">
<arg>${ELEMENTO}</arg>
<doc>Scrolls the element identified by ``locator`` into view.</doc>
<status status="PASS" starttime="20211207 15:14:17.154" endtime="20211207 15:14:17.944"/>
</kw>
<kw name="Click Element" library="SeleniumLibrary">
<arg>${ELEMENTO}</arg>
<doc>Click the element identified by ``locator``.</doc>
<msg timestamp="20211207 15:14:17.945" level="INFO">Clicking element 'css=#finish'.</msg>
<status status="PASS" starttime="20211207 15:14:17.945" endtime="20211207 15:14:18.543"/>
</kw>
<status status="PASS" starttime="20211207 15:14:15.826" endtime="20211207 15:14:18.544"/>
</kw>
<status status="PASS" starttime="20211207 15:14:15.281" endtime="20211207 15:14:18.544"/>
</kw>
<kw name="Validar mensagem de compra finalizada" library="pratica">
<kw name="Element Should Contain" library="SeleniumLibrary">
<arg>${CONFIRMACAO}</arg>
<arg>${MENSAGEM}</arg>
<doc>Verifies that element ``locator`` contains text ``expected``.</doc>
<msg timestamp="20211207 15:14:19.084" level="INFO">Element 'css=#checkout_complete_container &gt; h2' contains text 'THANK YOU FOR YOUR ORDER'.</msg>
<status status="PASS" starttime="20211207 15:14:18.545" endtime="20211207 15:14:19.086"/>
</kw>
<status status="PASS" starttime="20211207 15:14:18.545" endtime="20211207 15:14:19.086"/>
</kw>
<kw name="Close Browser" library="SeleniumLibrary" type="TEARDOWN">
<doc>Closes the current browser.</doc>
<status status="PASS" starttime="20211207 15:14:19.088" endtime="20211207 15:14:19.482"/>
</kw>
<status status="PASS" starttime="20211207 15:13:30.026" endtime="20211207 15:14:19.483"/>
</test>
<status status="PASS" starttime="20211207 15:13:29.541" endtime="20211207 15:14:19.486"/>
</suite>
<statistics>
<total>
<stat pass="1" fail="0" skip="0">All Tests</stat>
</total>
<tag>
</tag>
<suite>
<stat pass="1" fail="0" skip="0" id="s1" name="Pratica">Pratica</stat>
</suite>
</statistics>
<errors>
</errors>
</robot>
